<?xml version="1.0" encoding="UTF-8"?>
<!-- Generated by org.testng.reporters.JUnitReportReporter -->
<testsuite hostname="SAEEDs-MacBook-Pro.local" failures="0" tests="1" name="practice.sampletest" time="0.006" errors="0" timestamp="2023-03-21T17:01:07 IST" skipped="0">
  <testcase classname="practice.sampletest" name="sample1" time="0.006"/>
  <system-out/>
</testsuite> <!-- practice.sampletest -->
